(node:1181002) MaxListenersExceededWarning: Possible EventEmitter memory leak detected. 11 appInitialized listeners added. Use emitter.setMaxListeners() to increase limit
perl: warning: Setting locale failed.
perl: warning: Please check that your locale settings:
	LANGUAGE = "en_US:en_GB:en",
	LC_ALL = (unset),
	LC_TIME = "en_US.UTF-8",
	LC_COLLATE = "C",
	LANG = "en-US"
    are supported and installed on your system.
perl: warning: Falling back to the standard locale ("C").

(org.gnome.Nautilus:1196078): Gtk-WARNING **: 19:25:06.034: Locale not supported by C library.
	Using the fallback 'C' locale.
perl: warning: Setting locale failed.
perl: warning: Please check that your locale settings:
	LANGUAGE = "en_US:en_GB:en",
	LC_ALL = (unset),
	LC_TIME = "en_US.UTF-8",
	LC_COLLATE = "C",
	LANG = "en-US"
    are supported and installed on your system.
perl: warning: Falling back to the standard locale ("C").
perl: warning: Setting locale failed.
perl: warning: Please check that your locale settings:
	LANGUAGE = "en_US:en_GB:en",
	LC_ALL = (unset),
	LC_TIME = "en_US.UTF-8",
	LC_COLLATE = "C",
	LANG = "en-US"
    are supported and installed on your system.
perl: warning: Falling back to the standard locale ("C").

(org.gnome.Nautilus:1196283): Gtk-WARNING **: 19:25:06.722: Locale not supported by C library.
	Using the fallback 'C' locale.

(org.gnome.Nautilus:1196366): Gtk-WARNING **: 19:25:06.800: Locale not supported by C library.
	Using the fallback 'C' locale.
perl: warning: Setting locale failed.
perl: warning: Please check that your locale settings:
	LANGUAGE = "en_US:en_GB:en",
	LC_ALL = (unset),
	LC_TIME = "en_US.UTF-8",
	LC_COLLATE = "C",
	LANG = "en-US"
    are supported and installed on your system.
perl: warning: Falling back to the standard locale ("C").

(org.gnome.Nautilus:1196649): Gtk-WARNING **: 19:25:10.039: Locale not supported by C library.
	Using the fallback 'C' locale.
perl: warning: Setting locale failed.
perl: warning: Please check that your locale settings:
	LANGUAGE = "en_US:en_GB:en",
	LC_ALL = (unset),
	LC_TIME = "en_US.UTF-8",
	LC_COLLATE = "C",
	LANG = "en-US"
    are supported and installed on your system.
perl: warning: Falling back to the standard locale ("C").

(org.gnome.Nautilus:1211530): Gtk-WARNING **: 19:30:18.270: Locale not supported by C library.
	Using the fallback 'C' locale.

(file-roller:1211816): Gtk-WARNING **: 19:30:23.901: Locale not supported by C library.
	Using the fallback 'C' locale.
perl: warning: Setting locale failed.
perl: warning: Please check that your locale settings:
	LANGUAGE = "en_US:en_GB:en",
	LC_ALL = (unset),
	LC_TIME = "en_US.UTF-8",
	LC_COLLATE = "C",
	LANG = "en-US"
    are supported and installed on your system.
perl: warning: Falling back to the standard locale ("C").

(file-roller:1269234): Gtk-WARNING **: 19:50:32.738: Locale not supported by C library.
	Using the fallback 'C' locale.
