INFO: 2020-06-09 13:14:17,812: main() 'Using profile folder /home/saul/.config/variety/'
INFO: 2020-06-09 13:14:17,907: perform_upgrade() 'Last run version was 0.8.3 or earlier, current version is 0.8.3'
INFO: 2020-06-09 13:14:17,992: process_command() 'Received command: []'
INFO: 2020-06-09 13:14:17,994: load_banned() 'Missing or invalid banned URLs list, no URLs will be banned'
INFO: 2020-06-09 13:14:18,004: start() 'Using data_path /usr/share/variety'
INFO: 2020-06-09 13:14:18,004: load() 'Jumble loading'
INFO: 2020-06-09 13:14:18,005: _walk_modules() 'Jumble loading module in __init__ from /usr/lib/python3.8/site-packages/variety/plugins/builtin/__init__.py'
INFO: 2020-06-09 13:14:18,006: _walk_modules() 'Jumble loading module in APODDownloader from /usr/lib/python3.8/site-packages/variety/plugins/builtin/downloaders/APODDownloader.py'
INFO: 2020-06-09 13:14:18,007: load() 'Jumble found plugin class: <class 'APODDownloader.APODDownloader'>: {'name': 'APODDownloader', 'description': 'NASA Astro Pic of the Day', 'author': 'Peter Levi', 'version': '0.1'}'
INFO: 2020-06-09 13:14:18,007: _walk_modules() 'Jumble loading module in BingDownloader from /usr/lib/python3.8/site-packages/variety/plugins/builtin/downloaders/BingDownloader.py'
INFO: 2020-06-09 13:14:18,008: load() 'Jumble found plugin class: <class 'BingDownloader.BingDownloader'>: {'name': 'BingDownloader', 'description': 'Bing Photo of the Day', 'author': 'Peter Levi', 'version': '0.1'}'
INFO: 2020-06-09 13:14:18,008: _walk_modules() 'Jumble loading module in ChromeOSWallpapersDownloader from /usr/lib/python3.8/site-packages/variety/plugins/builtin/downloaders/ChromeOSWallpapersDownloader.py'
INFO: 2020-06-09 13:14:18,008: load() 'Jumble found plugin class: <class 'ChromeOSWallpapersDownloader.ChromeOSWallpapersDownloader'>: {'name': 'ChromeOsWallpapersDownloader', 'description': 'Chrome OS Wallpapers', 'author': 'Peter Levi', 'version': '0.1'}'
INFO: 2020-06-09 13:14:18,009: _walk_modules() 'Jumble loading module in DesktopprDownloader from /usr/lib/python3.8/site-packages/variety/plugins/builtin/downloaders/DesktopprDownloader.py'
INFO: 2020-06-09 13:14:18,009: load() 'Jumble found plugin class: <class 'DesktopprDownloader.DesktopprDownloader'>: {'name': 'DesktopprDownloader', 'description': 'Random wallpapers from Desktoppr.co', 'author': 'Peter Levi', 'version': '0.1'}'
INFO: 2020-06-09 13:14:18,010: _walk_modules() 'Jumble loading module in EarthviewDownloader from /usr/lib/python3.8/site-packages/variety/plugins/builtin/downloaders/EarthviewDownloader.py'
INFO: 2020-06-09 13:14:18,010: load() 'Jumble found plugin class: <class 'EarthviewDownloader.EarthviewDownloader'>: {'name': 'EarthviewDownloader', 'description': 'Google Earth View Wallpapers', 'author': 'Peter Levi', 'version': '0.1'}'
INFO: 2020-06-09 13:14:18,011: _walk_modules() 'Jumble loading module in MediaRSSDownloader from /usr/lib/python3.8/site-packages/variety/plugins/builtin/downloaders/MediaRSSDownloader.py'
INFO: 2020-06-09 13:14:18,012: _walk_modules() 'Jumble loading module in MediaRSSSource from /usr/lib/python3.8/site-packages/variety/plugins/builtin/downloaders/MediaRSSSource.py'
INFO: 2020-06-09 13:14:18,013: load() 'Jumble found plugin class: <class 'MediaRSSSource.MediaRSSSource'>: {'name': 'MediaRSSSource', 'description': 'Configurable source for fetching images from MediaRSS feeds', 'author': 'Peter Levi', 'version': '0.1'}'
INFO: 2020-06-09 13:14:18,014: _walk_modules() 'Jumble loading module in RedditDownloader from /usr/lib/python3.8/site-packages/variety/plugins/builtin/downloaders/RedditDownloader.py'
INFO: 2020-06-09 13:14:18,015: _walk_modules() 'Jumble loading module in RedditSource from /usr/lib/python3.8/site-packages/variety/plugins/builtin/downloaders/RedditSource.py'
INFO: 2020-06-09 13:14:18,015: load() 'Jumble found plugin class: <class 'RedditSource.RedditSource'>: {'name': 'RedditSource', 'description': 'Configurable source for fetching images from Reddit', 'author': 'Peter Levi', 'version': '0.1'}'
INFO: 2020-06-09 13:14:18,016: _walk_modules() 'Jumble loading module in UnsplashConfigurableSource from /usr/lib/python3.8/site-packages/variety/plugins/builtin/downloaders/UnsplashConfigurableSource.py'
INFO: 2020-06-09 13:14:18,017: load() 'Jumble found plugin class: <class 'UnsplashConfigurableSource.UnsplashConfigurableSource'>: {'name': 'UnsplashConfigurableSource', 'description': 'Configurable source for fetching photos from Unsplash.com', 'author': 'Peter Levi', 'version': '0.1'}'
INFO: 2020-06-09 13:14:18,018: _walk_modules() 'Jumble loading module in UnsplashDownloader from /usr/lib/python3.8/site-packages/variety/plugins/builtin/downloaders/UnsplashDownloader.py'
INFO: 2020-06-09 13:14:18,018: load() 'Jumble found plugin class: <class 'UnsplashDownloader.UnsplashDownloader'>: {'name': 'UnsplashDownloader', 'description': 'High-resolution photos from Unsplash.com', 'author': 'Peter Levi', 'version': '0.1'}'
INFO: 2020-06-09 13:14:18,018: _walk_modules() 'Jumble loading module in WallhavenDownloader from /usr/lib/python3.8/site-packages/variety/plugins/builtin/downloaders/WallhavenDownloader.py'
INFO: 2020-06-09 13:14:18,019: _walk_modules() 'Jumble loading module in WallhavenSource from /usr/lib/python3.8/site-packages/variety/plugins/builtin/downloaders/WallhavenSource.py'
INFO: 2020-06-09 13:14:18,020: load() 'Jumble found plugin class: <class 'WallhavenSource.WallhavenSource'>: {'name': 'MediaRSSSource', 'description': 'Configurable source for fetching images from Wallhaven.cc', 'author': 'Peter Levi', 'version': '0.1'}'
INFO: 2020-06-09 13:14:18,020: _walk_modules() 'Jumble loading module in __init__ from /usr/lib/python3.8/site-packages/variety/plugins/builtin/downloaders/__init__.py'
INFO: 2020-06-09 13:14:18,021: _walk_modules() 'Jumble loading module in FortuneSource from /usr/lib/python3.8/site-packages/variety/plugins/builtin/quotes/FortuneSource.py'
INFO: 2020-06-09 13:14:18,021: load() 'Jumble found plugin class: <class 'FortuneSource.FortuneSource'>: {'name': 'UNIX fortune program', 'description': 'Displays quotes using the UNIX fortune program. You may want to install additional fortune packs, e.g. fortunes-bofh-excuses.', 'author': 'Dan Jones', 'version': '0.1'}'
INFO: 2020-06-09 13:14:18,022: _walk_modules() 'Jumble loading module in GoodreadsSource from /usr/lib/python3.8/site-packages/variety/plugins/builtin/quotes/GoodreadsSource.py'
INFO: 2020-06-09 13:14:18,029: load() 'Jumble found plugin class: <class 'GoodreadsSource.GoodreadsSource'>: {'name': 'Goodreads', 'description': 'Fetches quotes from Goodreads.com', 'author': 'Peter Levi', 'version': '0.1'}'
INFO: 2020-06-09 13:14:18,030: _walk_modules() 'Jumble loading module in LocalFilesSource from /usr/lib/python3.8/site-packages/variety/plugins/builtin/quotes/LocalFilesSource.py'
INFO: 2020-06-09 13:14:18,031: load() 'Jumble found plugin class: <class 'LocalFilesSource.LocalFilesSource'>: {'name': 'Local text files', 'description': 'Displays quotes, defined in local text files.\nPut your own txt files in: ~/.config/variety/pluginconfig/quotes/.\nThe file format is:\n\nquote -- author\n.\nsecond quote -- another author\n.\netc...\n\nExample: http://rvelthuis.de/zips/quotes.txt', 'author': 'Peter Levi', 'version': '0.1'}'
INFO: 2020-06-09 13:14:18,031: _walk_modules() 'Jumble loading module in QuotationsPageSource from /usr/lib/python3.8/site-packages/variety/plugins/builtin/quotes/QuotationsPageSource.py'
INFO: 2020-06-09 13:14:18,032: load() 'Jumble found plugin class: <class 'QuotationsPageSource.QuotationsPageSource'>: {'name': 'TheQuotationsPage.com', 'description': 'Fetches quotes from TheQuotationsPage.com', 'author': 'Peter Levi', 'version': '0.1'}'
INFO: 2020-06-09 13:14:18,032: _walk_modules() 'Jumble loading module in UrbanDictionarySource from /usr/lib/python3.8/site-packages/variety/plugins/builtin/quotes/UrbanDictionarySource.py'
INFO: 2020-06-09 13:14:18,032: load() 'Jumble found plugin class: <class 'UrbanDictionarySource.UrbanDictionarySource'>: {'name': 'Urban Dictionary', 'description': 'Displays definitions from Urban Dictionary', 'author': 'James Miller', 'version': '0.1'}'
INFO: 2020-06-09 13:14:18,032: _walk_modules() 'Jumble loading module in __init__ from /usr/lib/python3.8/site-packages/variety/plugins/builtin/quotes/__init__.py'
INFO: 2020-06-09 13:14:18,035: reload_config() 'Creating new downloader for type bing, location Bing Photo of the Day'
INFO: 2020-06-09 13:14:18,035: reload_config() 'Creating new downloader for type chromeos, location Chrome OS Wallpapers'
INFO: 2020-06-09 13:14:18,035: reload_config() 'Creating new downloader for type earthview, location Google Earth View Wallpapers'
INFO: 2020-06-09 13:14:18,035: log_options() 'Loaded options:'
INFO: 2020-06-09 13:14:18,036: log_options() 'change_enabled = False'
INFO: 2020-06-09 13:14:18,036: log_options() 'change_interval = 300'
INFO: 2020-06-09 13:14:18,036: log_options() 'change_on_start = True'
INFO: 2020-06-09 13:14:18,036: log_options() 'clipboard_enabled = False'
INFO: 2020-06-09 13:14:18,036: log_options() 'clipboard_hosts = ['wallhaven.cc', 'ns223506.ovh.net', 'wallpapers.net', 'flickr.com', 'imgur.com', 'deviantart.com', 'interfacelift.com', 'vladstudio.com', 'imageshack.us']'
INFO: 2020-06-09 13:14:18,036: log_options() 'clipboard_use_whitelist = True'
INFO: 2020-06-09 13:14:18,036: log_options() 'clock_date_font = Ubuntu Condensed, 30'
INFO: 2020-06-09 13:14:18,036: log_options() 'clock_enabled = False'
INFO: 2020-06-09 13:14:18,036: log_options() 'clock_filter = -density 100 -font `fc-match -f '%{file[0]}' '%CLOCK_FONT_NAME'` -pointsize %CLOCK_FONT_SIZE -gravity SouthEast -fill '#00000044' -annotate 0x0+[%HOFFSET+58]+[%VOFFSET+108] '%H:%M' -fill white -annotate 0x0+[%HOFFSET+60]+[%VOFFSET+110] '%H:%M' -font `fc-match -f '%{file[0]}' '%DATE_FONT_NAME'` -pointsize %DATE_FONT_SIZE -fill '#00000044' -annotate 0x0+[%HOFFSET+58]+[%VOFFSET+58] '%A, %B %d' -fill white -annotate 0x0+[%HOFFSET+60]+[%VOFFSET+60] '%A, %B %d''
INFO: 2020-06-09 13:14:18,036: log_options() 'clock_font = Ubuntu Condensed, 70'
INFO: 2020-06-09 13:14:18,036: log_options() 'configfile = /home/saul/.config/variety/variety.conf'
INFO: 2020-06-09 13:14:18,036: log_options() 'copyto_enabled = False'
INFO: 2020-06-09 13:14:18,036: log_options() 'copyto_folder = Default'
INFO: 2020-06-09 13:14:18,036: log_options() 'desired_color = [160, 160, 160]'
INFO: 2020-06-09 13:14:18,036: log_options() 'desired_color_enabled = False'
INFO: 2020-06-09 13:14:18,036: log_options() 'download_folder = /home/saul/Pictures/wallpaper'
INFO: 2020-06-09 13:14:18,036: log_options() 'download_preference_ratio = 0.9'
INFO: 2020-06-09 13:14:18,036: log_options() 'favorites_folder = /home/saul/.config/variety/Favorites'
INFO: 2020-06-09 13:14:18,036: log_options() 'favorites_operations = [['Downloaded', 'Copy'], ['Fetched', 'Move'], ['Others', 'Copy']]'
INFO: 2020-06-09 13:14:18,036: log_options() 'fetched_folder = /home/saul/.config/variety/Fetched'
INFO: 2020-06-09 13:14:18,036: log_options() 'filters = [[False, 'Keep original', ''], [False, 'Grayscale', '-type Grayscale'], [False, 'Heavy blur', '-blur 120x40'], [False, 'Soft blur', '-blur 20x7'], [False, 'Oil painting', '-paint 8'], [False, 'Pencil sketch', '-colorspace gray \\( +clone -tile ~/.config/variety/pencil_tile.png -draw "color 0,0 reset" +clone +swap -compose color_dodge -composite \\) -fx \'u*.2+v*.8\''], [False, 'Pointilism', '-spread 10 -noise 3'], [False, 'Pixellate', '-scale 3% -scale 3333%']]'
INFO: 2020-06-09 13:14:18,036: log_options() 'icon = None'
INFO: 2020-06-09 13:14:18,036: log_options() 'lightness_enabled = False'
INFO: 2020-06-09 13:14:18,036: log_options() 'lightness_mode = 0'
INFO: 2020-06-09 13:14:18,036: log_options() 'min_rating = 4'
INFO: 2020-06-09 13:14:18,036: log_options() 'min_rating_enabled = False'
INFO: 2020-06-09 13:14:18,036: log_options() 'min_size = 80'
INFO: 2020-06-09 13:14:18,036: log_options() 'min_size_enabled = False'
INFO: 2020-06-09 13:14:18,036: log_options() 'quota_enabled = False'
INFO: 2020-06-09 13:14:18,036: log_options() 'quota_size = 500'
INFO: 2020-06-09 13:14:18,036: log_options() 'quotes_authors = '
INFO: 2020-06-09 13:14:18,036: log_options() 'quotes_bg_color = [80, 80, 80]'
INFO: 2020-06-09 13:14:18,037: log_options() 'quotes_bg_opacity = 55'
INFO: 2020-06-09 13:14:18,037: log_options() 'quotes_change_enabled = False'
INFO: 2020-06-09 13:14:18,037: log_options() 'quotes_change_interval = 300'
INFO: 2020-06-09 13:14:18,037: log_options() 'quotes_disabled_sources = ['Urban Dictionary']'
INFO: 2020-06-09 13:14:18,037: log_options() 'quotes_enabled = False'
INFO: 2020-06-09 13:14:18,037: log_options() 'quotes_favorites_file = /home/saul/.config/variety/favorite_quotes.txt'
INFO: 2020-06-09 13:14:18,037: log_options() 'quotes_font = Bitstream Charter 30'
INFO: 2020-06-09 13:14:18,037: log_options() 'quotes_hpos = 100'
INFO: 2020-06-09 13:14:18,037: log_options() 'quotes_max_length = 250'
INFO: 2020-06-09 13:14:18,037: log_options() 'quotes_tags = '
INFO: 2020-06-09 13:14:18,037: log_options() 'quotes_text_color = [255, 255, 255]'
INFO: 2020-06-09 13:14:18,037: log_options() 'quotes_text_shadow = False'
INFO: 2020-06-09 13:14:18,037: log_options() 'quotes_vpos = 40'
INFO: 2020-06-09 13:14:18,037: log_options() 'quotes_width = 70'
INFO: 2020-06-09 13:14:18,037: log_options() 'safe_mode = False'
INFO: 2020-06-09 13:14:18,037: log_options() 'slideshow_custom_enabled = False'
INFO: 2020-06-09 13:14:18,037: log_options() 'slideshow_custom_folder = /home/saul/Pictures'
INFO: 2020-06-09 13:14:18,037: log_options() 'slideshow_downloads_enabled = False'
INFO: 2020-06-09 13:14:18,037: log_options() 'slideshow_fade = 0.4'
INFO: 2020-06-09 13:14:18,037: log_options() 'slideshow_favorites_enabled = True'
INFO: 2020-06-09 13:14:18,037: log_options() 'slideshow_mode = Fullscreen'
INFO: 2020-06-09 13:14:18,037: log_options() 'slideshow_monitor = All'
INFO: 2020-06-09 13:14:18,037: log_options() 'slideshow_pan = 0.05'
INFO: 2020-06-09 13:14:18,037: log_options() 'slideshow_seconds = 6.0'
INFO: 2020-06-09 13:14:18,037: log_options() 'slideshow_sort_order = Random'
INFO: 2020-06-09 13:14:18,037: log_options() 'slideshow_sources_enabled = True'
INFO: 2020-06-09 13:14:18,037: log_options() 'slideshow_zoom = 0.2'
INFO: 2020-06-09 13:14:18,037: log_options() 'smart_enabled = False'
INFO: 2020-06-09 13:14:18,037: log_options() 'smart_notice_shown = False'
INFO: 2020-06-09 13:14:18,037: log_options() 'smart_register_shown = False'
INFO: 2020-06-09 13:14:18,037: log_options() 'sources = [[False, 'favorites', 'The Favorites folder'], [False, 'fetched', 'The Fetched folder'], [False, 'folder', '/usr/share/backgrounds'], [False, 'desktoppr', 'Random wallpapers from Desktoppr.co'], [True, 'bing', 'Bing Photo of the Day'], [False, 'unsplash', 'High-resolution photos from Unsplash.com'], [False, 'apod', "NASA's Astronomy Picture of the Day"], [False, 'flickr', 'user:www.flickr.com/photos/peter-levi/;user_id:93647178@N00;'], [True, 'chromeos', 'Chrome OS Wallpapers'], [True, 'earthview', 'Google Earth View Wallpapers']]'
INFO: 2020-06-09 13:14:18,037: log_options() 'stats_enabled = True'
INFO: 2020-06-09 13:14:18,037: log_options() 'stats_notice_shown = False'
INFO: 2020-06-09 13:14:18,037: log_options() 'sync_enabled = True'
INFO: 2020-06-09 13:14:18,037: log_options() 'use_landscape_enabled = True'
INFO: 2020-06-09 13:14:18,037: reload_config() 'No need to clear prepared queue'
INFO: 2020-06-09 13:14:18,037: update_indicator() 'Setting file info to: /home/saul/Pictures/wallpaper/Downloaded by Variety/Earth View/Hardap, Namibia (ID-5587).jpg'
INFO: 2020-06-09 13:14:18,040: load_last_change_time() 'Change interval < 6 hours, ignore persisted last_change_time, wait initially the whole interval: 300'
INFO: 2020-06-09 13:14:18,040: update_indicator() 'Setting file info to: /home/saul/Pictures/wallpaper/Downloaded by Variety/Earth View/Hardap, Namibia (ID-5587).jpg'
INFO: 2020-06-09 13:14:18,041: regular_change_thread() 'regular_change thread running'
INFO: 2020-06-09 13:14:18,042: prepare_thread() 'Prepare thread running'
INFO: 2020-06-09 13:14:18,042: prepare_thread() 'Prepared buffer contains 0 images'
INFO: 2020-06-09 13:14:18,042: get_throttling() 'Chrome OS Wallpapers: parsing serverside options'
INFO: 2020-06-09 13:14:18,042: prepare_thread() 'Preparing some images'
INFO: 2020-06-09 13:14:18,042: get_throttling() 'Could not parse Chrome OS Wallpapers serverside options, using defaults None, None'
INFO: 2020-06-09 13:14:18,042: get_throttling() 'Chrome OS Wallpapers: parsing serverside options'
INFO: 2020-06-09 13:14:18,042: get_throttling() 'Could not parse Chrome OS Wallpapers serverside options, using defaults None, None'
INFO: 2020-06-09 13:14:18,042: download_one() 'Chrome OS Wallpapers: Downloading an image, config: None'
INFO: 2020-06-09 13:14:18,043: download_one() 'Chrome OS Wallpapers: Queue size: 0'
INFO: 2020-06-09 13:14:18,043: get_throttling() 'Chrome OS Wallpapers: parsing serverside options'
INFO: 2020-06-09 13:14:18,043: get_throttling() 'Could not parse Chrome OS Wallpapers serverside options, using defaults None, None'
INFO: 2020-06-09 13:14:18,043: download_one() 'Chrome OS Wallpapers: Filling queue'
ERROR: 2020-06-09 13:14:18,047: download_one_from() 'Could not download wallpaper:'
Traceback (most recent call last):
  File "/usr/lib/python3.8/site-packages/urllib3/connection.py", line 159, in _new_conn
    conn = connection.create_connection(
  File "/usr/lib/python3.8/site-packages/urllib3/util/connection.py", line 61, in create_connection
    for res in socket.getaddrinfo(host, port, family, socket.SOCK_STREAM):
  File "/usr/lib/python3.8/socket.py", line 918, in getaddrinfo
    for res in _socket.getaddrinfo(host, port, family, type, proto, flags):
socket.gaierror: [Errno -3] Temporary failure in name resolution

During handling of the above exception, another exception occurred:

Traceback (most recent call last):
  File "/usr/lib/python3.8/site-packages/urllib3/connectionpool.py", line 670, in urlopen
    httplib_response = self._make_request(
  File "/usr/lib/python3.8/site-packages/urllib3/connectionpool.py", line 381, in _make_request
    self._validate_conn(conn)
  File "/usr/lib/python3.8/site-packages/urllib3/connectionpool.py", line 976, in _validate_conn
    conn.connect()
  File "/usr/lib/python3.8/site-packages/urllib3/connection.py", line 308, in connect
    conn = self._new_conn()
  File "/usr/lib/python3.8/site-packages/urllib3/connection.py", line 171, in _new_conn
    raise NewConnectionError(
urllib3.exceptions.NewConnectionError: <urllib3.connection.HTTPSConnection object at 0x7fbf34f6e7c0>: Failed to establish a new connection: [Errno -3] Temporary failure in name resolution

During handling of the above exception, another exception occurred:

Traceback (most recent call last):
  File "/usr/lib/python3.8/site-packages/requests/adapters.py", line 439, in send
    resp = conn.urlopen(
  File "/usr/lib/python3.8/site-packages/urllib3/connectionpool.py", line 724, in urlopen
    retries = retries.increment(
  File "/usr/lib/python3.8/site-packages/urllib3/util/retry.py", line 439, in increment
    raise MaxRetryError(_pool, url, error or ResponseError(cause))
urllib3.exceptions.MaxRetryError: HTTPSConnectionPool(host='storage.googleapis.com', port=443): Max retries exceeded with url: /chromeos-wallpaper-public/manifest_en.json (Caused by NewConnectionError('<urllib3.connection.HTTPSConnection object at 0x7fbf34f6e7c0>: Failed to establish a new connection: [Errno -3] Temporary failure in name resolution'))

During handling of the above exception, another exception occurred:

Traceback (most recent call last):
  File "/usr/lib/python3.8/site-packages/variety/VarietyWindow.py", line 1159, in download_one_from
    file = downloader.download_one()
  File "/usr/lib/python3.8/site-packages/variety/plugins/downloaders/DefaultDownloader.py", line 141, in download_one
    items = self.fill_queue()
  File "/usr/lib/python3.8/site-packages/variety/plugins/builtin/downloaders/ChromeOSWallpapersDownloader.py", line 54, in fill_queue
    manifest = Util.fetch_json(MANIFEST_URL)
  File "/usr/lib/python3.8/site-packages/variety/Util.py", line 643, in fetch_json
    return Util.request(url, data, **request_kwargs).json()
  File "/usr/lib/python3.8/site-packages/variety/Util.py", line 612, in request
    r = requests.request(
  File "/usr/lib/python3.8/site-packages/requests/api.py", line 61, in request
    return session.request(method=method, url=url, **kwargs)
  File "/usr/lib/python3.8/site-packages/requests/sessions.py", line 530, in request
    resp = self.send(prep, **send_kwargs)
  File "/usr/lib/python3.8/site-packages/requests/sessions.py", line 643, in send
    r = adapter.send(request, **kwargs)
  File "/usr/lib/python3.8/site-packages/requests/adapters.py", line 516, in send
    raise ConnectionError(e, request=request)
requests.exceptions.ConnectionError: HTTPSConnectionPool(host='storage.googleapis.com', port=443): Max retries exceeded with url: /chromeos-wallpaper-public/manifest_en.json (Caused by NewConnectionError('<urllib3.connection.HTTPSConnection object at 0x7fbf34f6e7c0>: Failed to establish a new connection: [Errno -3] Temporary failure in name resolution'))
INFO: 2020-06-09 13:14:18,140: do_set_wp() 'Calling do_set_wp with /home/saul/Pictures/wallpaper/Downloaded by Variety/Earth View/Hardap, Namibia (ID-5587).jpg, time: 1591701258.1405654'
INFO: 2020-06-09 13:14:18,158: update_indicator() 'Setting file info to: /home/saul/Pictures/wallpaper/Downloaded by Variety/Earth View/Hardap, Namibia (ID-5587).jpg'
INFO: 2020-06-09 13:14:18,159: prepare_thread() 'After search prepared buffer contains 32 images'
INFO: 2020-06-09 13:14:19,382: reload() 'Reloading preferences dialog'
INFO: 2020-06-09 13:14:20,160: trigger_download() 'Triggering download thread to check if download needed'
INFO: 2020-06-09 13:14:23,042: set_wallpaper() 'Calling set_wallpaper with /home/saul/Pictures/wallpaper/Downloaded by Variety/Earth View/Rikaze, China (ID-1829).jpg'
INFO: 2020-06-09 13:14:23,043: prepare_thread() 'Prepared buffer contains 32 images'
INFO: 2020-06-09 13:14:23,045: do_set_wp() 'Calling do_set_wp with /home/saul/Pictures/wallpaper/Downloaded by Variety/Earth View/Rikaze, China (ID-1829).jpg, time: 1591701263.0455275'
INFO: 2020-06-09 13:14:23,058: regular_change_thread() 'regular_change: waiting till user resumes'
INFO: 2020-06-09 13:14:23,086: update_indicator() 'Setting file info to: /home/saul/Pictures/wallpaper/Downloaded by Variety/Earth View/Rikaze, China (ID-1829).jpg'
INFO: 2020-06-09 13:14:25,044: trigger_download() 'Triggering download thread to check if download needed'
INFO: 2020-06-09 13:14:25,045: get_throttling() 'Earth View: parsing serverside options'
INFO: 2020-06-09 13:14:25,045: get_throttling() 'Could not parse Earth View serverside options, using defaults 20, None'
INFO: 2020-06-09 13:14:25,046: get_throttling() 'Earth View: parsing serverside options'
INFO: 2020-06-09 13:14:25,046: get_throttling() 'Could not parse Earth View serverside options, using defaults 20, None'
INFO: 2020-06-09 13:14:25,046: download_one() 'Earth View: Downloading an image, config: None'
INFO: 2020-06-09 13:14:25,046: download_one() 'Earth View: Queue size: 0'
INFO: 2020-06-09 13:14:25,046: get_throttling() 'Earth View: parsing serverside options'
INFO: 2020-06-09 13:14:25,047: get_throttling() 'Could not parse Earth View serverside options, using defaults 20, None'
INFO: 2020-06-09 13:14:25,047: download_one() 'Earth View: Filling queue'
INFO: 2020-06-09 13:14:25,052: trigger_download() 'Triggering download thread to check if download needed'
INFO: 2020-06-09 13:14:25,765: download_one() 'Earth View: Queue populated with 1511 URLs'
INFO: 2020-06-09 13:14:25,765: save_locally() 'Origin URL: https://earthview.withgoogle.com/2036'
INFO: 2020-06-09 13:14:25,765: save_locally() 'Image URL: https://www.gstatic.com/prettyearth/assets/full/2036.jpg'
INFO: 2020-06-09 13:14:25,766: save_locally() 'Local path: /home/saul/Pictures/wallpaper/Downloaded by Variety/Earth View/Carbon County, United States (ID-2036).jpg'
INFO: 2020-06-09 13:14:27,057: save_locally() 'Download complete'
INFO: 2020-06-09 13:14:27,057: update_indicator() 'Setting file info to: /home/saul/Pictures/wallpaper/Downloaded by Variety/Earth View/Rikaze, China (ID-1829).jpg'
INFO: 2020-06-09 13:14:27,059: download_one_from() 'Adding downloaded file /home/saul/Pictures/wallpaper/Downloaded by Variety/Earth View/Carbon County, United States (ID-2036).jpg to unseen_downloads'
INFO: 2020-06-09 13:14:38,056: server_options_thread() 'Fetching server options from http://tiny.cc/variety-options-063'
INFO: 2020-06-09 13:14:39,807: server_options_thread() 'Fetched server options: {'flickr': {'min_fill_queue_interval': 1200, 'min_download_interval': 1200}, 'wallbase': {'min_fill_queue_interval': 1800, 'min_download_interval': 1800}, 'wallhaven': {'min_fill_queue_interval': 1800, 'min_download_interval': 1800}, 'wallpapers.net': {'min_fill_queue_interval': 601, 'min_download_interval': 0}, 'unsplash': {'min_fill_queue_interval': 20000000000, 'min_download_interval': 20000000000}, 'unsplash_v2': {'min_fill_queue_interval': 2000, 'min_download_interval': 1200}, 'status_message': {'0.0.1': '', '*': ''}}'
INFO: 2020-06-09 13:17:28,061: get_throttling() 'Chrome OS Wallpapers: parsing serverside options'
INFO: 2020-06-09 13:17:28,061: get_throttling() 'Could not parse Chrome OS Wallpapers serverside options, using defaults None, None'
INFO: 2020-06-09 13:17:28,061: get_throttling() 'Chrome OS Wallpapers: parsing serverside options'
INFO: 2020-06-09 13:17:28,061: get_throttling() 'Could not parse Chrome OS Wallpapers serverside options, using defaults None, None'
INFO: 2020-06-09 13:17:28,061: download_one() 'Chrome OS Wallpapers: Downloading an image, config: None'
INFO: 2020-06-09 13:17:28,061: download_one() 'Chrome OS Wallpapers: Queue size: 0'
INFO: 2020-06-09 13:17:28,061: get_throttling() 'Chrome OS Wallpapers: parsing serverside options'
INFO: 2020-06-09 13:17:28,061: get_throttling() 'Could not parse Chrome OS Wallpapers serverside options, using defaults None, None'
INFO: 2020-06-09 13:17:28,061: download_one() 'Chrome OS Wallpapers: Filling queue'
ERROR: 2020-06-09 13:17:28,575: download_one_from() 'Could not download wallpaper:'
Traceback (most recent call last):
  File "/usr/lib/python3.8/site-packages/variety/VarietyWindow.py", line 1159, in download_one_from
    file = downloader.download_one()
  File "/usr/lib/python3.8/site-packages/variety/plugins/downloaders/DefaultDownloader.py", line 141, in download_one
    items = self.fill_queue()
  File "/usr/lib/python3.8/site-packages/variety/plugins/builtin/downloaders/ChromeOSWallpapersDownloader.py", line 54, in fill_queue
    manifest = Util.fetch_json(MANIFEST_URL)
  File "/usr/lib/python3.8/site-packages/variety/Util.py", line 643, in fetch_json
    return Util.request(url, data, **request_kwargs).json()
  File "/usr/lib/python3.8/site-packages/variety/Util.py", line 622, in request
    r.raise_for_status()
  File "/usr/lib/python3.8/site-packages/requests/models.py", line 941, in raise_for_status
    raise HTTPError(http_error_msg, response=self)
requests.exceptions.HTTPError: 404 Client Error: Not Found for url: https://storage.googleapis.com/chromeos-wallpaper-public/manifest_en.json
INFO: 2020-06-09 13:20:29,580: get_throttling() 'Chrome OS Wallpapers: parsing serverside options'
INFO: 2020-06-09 13:20:29,581: get_throttling() 'Could not parse Chrome OS Wallpapers serverside options, using defaults None, None'
INFO: 2020-06-09 13:20:29,581: get_throttling() 'Chrome OS Wallpapers: parsing serverside options'
INFO: 2020-06-09 13:20:29,581: get_throttling() 'Could not parse Chrome OS Wallpapers serverside options, using defaults None, None'
INFO: 2020-06-09 13:20:29,581: download_one() 'Chrome OS Wallpapers: Downloading an image, config: None'
INFO: 2020-06-09 13:20:29,581: download_one() 'Chrome OS Wallpapers: Queue size: 0'
INFO: 2020-06-09 13:20:29,581: get_throttling() 'Chrome OS Wallpapers: parsing serverside options'
INFO: 2020-06-09 13:20:29,581: get_throttling() 'Could not parse Chrome OS Wallpapers serverside options, using defaults None, None'
INFO: 2020-06-09 13:20:29,581: download_one() 'Chrome OS Wallpapers: Filling queue'
ERROR: 2020-06-09 13:20:30,113: download_one_from() 'Could not download wallpaper:'
Traceback (most recent call last):
  File "/usr/lib/python3.8/site-packages/variety/VarietyWindow.py", line 1159, in download_one_from
    file = downloader.download_one()
  File "/usr/lib/python3.8/site-packages/variety/plugins/downloaders/DefaultDownloader.py", line 141, in download_one
    items = self.fill_queue()
  File "/usr/lib/python3.8/site-packages/variety/plugins/builtin/downloaders/ChromeOSWallpapersDownloader.py", line 54, in fill_queue
    manifest = Util.fetch_json(MANIFEST_URL)
  File "/usr/lib/python3.8/site-packages/variety/Util.py", line 643, in fetch_json
    return Util.request(url, data, **request_kwargs).json()
  File "/usr/lib/python3.8/site-packages/variety/Util.py", line 622, in request
    r.raise_for_status()
  File "/usr/lib/python3.8/site-packages/requests/models.py", line 941, in raise_for_status
    raise HTTPError(http_error_msg, response=self)
requests.exceptions.HTTPError: 404 Client Error: Not Found for url: https://storage.googleapis.com/chromeos-wallpaper-public/manifest_en.json
INFO: 2020-06-09 13:23:31,115: get_throttling() 'Chrome OS Wallpapers: parsing serverside options'
INFO: 2020-06-09 13:23:31,115: get_throttling() 'Could not parse Chrome OS Wallpapers serverside options, using defaults None, None'
INFO: 2020-06-09 13:23:31,115: get_throttling() 'Chrome OS Wallpapers: parsing serverside options'
INFO: 2020-06-09 13:23:31,116: get_throttling() 'Could not parse Chrome OS Wallpapers serverside options, using defaults None, None'
INFO: 2020-06-09 13:23:31,116: download_one() 'Chrome OS Wallpapers: Downloading an image, config: None'
INFO: 2020-06-09 13:23:31,116: download_one() 'Chrome OS Wallpapers: Queue size: 0'
INFO: 2020-06-09 13:23:31,116: get_throttling() 'Chrome OS Wallpapers: parsing serverside options'
INFO: 2020-06-09 13:23:31,116: get_throttling() 'Could not parse Chrome OS Wallpapers serverside options, using defaults None, None'
INFO: 2020-06-09 13:23:31,116: download_one() 'Chrome OS Wallpapers: Filling queue'
ERROR: 2020-06-09 13:23:31,676: download_one_from() 'Could not download wallpaper:'
Traceback (most recent call last):
  File "/usr/lib/python3.8/site-packages/variety/VarietyWindow.py", line 1159, in download_one_from
    file = downloader.download_one()
  File "/usr/lib/python3.8/site-packages/variety/plugins/downloaders/DefaultDownloader.py", line 141, in download_one
    items = self.fill_queue()
  File "/usr/lib/python3.8/site-packages/variety/plugins/builtin/downloaders/ChromeOSWallpapersDownloader.py", line 54, in fill_queue
    manifest = Util.fetch_json(MANIFEST_URL)
  File "/usr/lib/python3.8/site-packages/variety/Util.py", line 643, in fetch_json
    return Util.request(url, data, **request_kwargs).json()
  File "/usr/lib/python3.8/site-packages/variety/Util.py", line 622, in request
    r.raise_for_status()
  File "/usr/lib/python3.8/site-packages/requests/models.py", line 941, in raise_for_status
    raise HTTPError(http_error_msg, response=self)
requests.exceptions.HTTPError: 404 Client Error: Not Found for url: https://storage.googleapis.com/chromeos-wallpaper-public/manifest_en.json
INFO: 2020-06-09 13:26:32,685: get_throttling() 'Chrome OS Wallpapers: parsing serverside options'
INFO: 2020-06-09 13:26:32,689: get_throttling() 'Could not parse Chrome OS Wallpapers serverside options, using defaults None, None'
INFO: 2020-06-09 13:26:32,689: get_throttling() 'Chrome OS Wallpapers: parsing serverside options'
INFO: 2020-06-09 13:26:32,689: get_throttling() 'Could not parse Chrome OS Wallpapers serverside options, using defaults None, None'
INFO: 2020-06-09 13:26:32,689: download_one() 'Chrome OS Wallpapers: Downloading an image, config: None'
INFO: 2020-06-09 13:26:32,689: download_one() 'Chrome OS Wallpapers: Queue size: 0'
INFO: 2020-06-09 13:26:32,689: get_throttling() 'Chrome OS Wallpapers: parsing serverside options'
INFO: 2020-06-09 13:26:32,689: get_throttling() 'Could not parse Chrome OS Wallpapers serverside options, using defaults None, None'
INFO: 2020-06-09 13:26:32,689: download_one() 'Chrome OS Wallpapers: Filling queue'
ERROR: 2020-06-09 13:26:33,241: download_one_from() 'Could not download wallpaper:'
Traceback (most recent call last):
  File "/usr/lib/python3.8/site-packages/variety/VarietyWindow.py", line 1159, in download_one_from
    file = downloader.download_one()
  File "/usr/lib/python3.8/site-packages/variety/plugins/downloaders/DefaultDownloader.py", line 141, in download_one
    items = self.fill_queue()
  File "/usr/lib/python3.8/site-packages/variety/plugins/builtin/downloaders/ChromeOSWallpapersDownloader.py", line 54, in fill_queue
    manifest = Util.fetch_json(MANIFEST_URL)
  File "/usr/lib/python3.8/site-packages/variety/Util.py", line 643, in fetch_json
    return Util.request(url, data, **request_kwargs).json()
  File "/usr/lib/python3.8/site-packages/variety/Util.py", line 622, in request
    r.raise_for_status()
  File "/usr/lib/python3.8/site-packages/requests/models.py", line 941, in raise_for_status
    raise HTTPError(http_error_msg, response=self)
requests.exceptions.HTTPError: 404 Client Error: Not Found for url: https://storage.googleapis.com/chromeos-wallpaper-public/manifest_en.json
INFO: 2020-06-09 13:29:34,264: get_throttling() 'Chrome OS Wallpapers: parsing serverside options'
INFO: 2020-06-09 13:29:34,268: get_throttling() 'Could not parse Chrome OS Wallpapers serverside options, using defaults None, None'
INFO: 2020-06-09 13:29:34,269: get_throttling() 'Chrome OS Wallpapers: parsing serverside options'
INFO: 2020-06-09 13:29:34,269: get_throttling() 'Could not parse Chrome OS Wallpapers serverside options, using defaults None, None'
INFO: 2020-06-09 13:29:34,269: download_one() 'Chrome OS Wallpapers: Downloading an image, config: None'
INFO: 2020-06-09 13:29:34,269: download_one() 'Chrome OS Wallpapers: Queue size: 0'
INFO: 2020-06-09 13:29:34,269: get_throttling() 'Chrome OS Wallpapers: parsing serverside options'
INFO: 2020-06-09 13:29:34,270: get_throttling() 'Could not parse Chrome OS Wallpapers serverside options, using defaults None, None'
INFO: 2020-06-09 13:29:34,270: download_one() 'Chrome OS Wallpapers: Filling queue'
ERROR: 2020-06-09 13:29:34,801: download_one_from() 'Could not download wallpaper:'
Traceback (most recent call last):
  File "/usr/lib/python3.8/site-packages/variety/VarietyWindow.py", line 1159, in download_one_from
    file = downloader.download_one()
  File "/usr/lib/python3.8/site-packages/variety/plugins/downloaders/DefaultDownloader.py", line 141, in download_one
    items = self.fill_queue()
  File "/usr/lib/python3.8/site-packages/variety/plugins/builtin/downloaders/ChromeOSWallpapersDownloader.py", line 54, in fill_queue
    manifest = Util.fetch_json(MANIFEST_URL)
  File "/usr/lib/python3.8/site-packages/variety/Util.py", line 643, in fetch_json
    return Util.request(url, data, **request_kwargs).json()
  File "/usr/lib/python3.8/site-packages/variety/Util.py", line 622, in request
    r.raise_for_status()
  File "/usr/lib/python3.8/site-packages/requests/models.py", line 941, in raise_for_status
    raise HTTPError(http_error_msg, response=self)
requests.exceptions.HTTPError: 404 Client Error: Not Found for url: https://storage.googleapis.com/chromeos-wallpaper-public/manifest_en.json
INFO: 2020-06-09 13:32:35,813: get_throttling() 'Chrome OS Wallpapers: parsing serverside options'
INFO: 2020-06-09 13:32:35,813: get_throttling() 'Could not parse Chrome OS Wallpapers serverside options, using defaults None, None'
INFO: 2020-06-09 13:32:35,813: get_throttling() 'Chrome OS Wallpapers: parsing serverside options'
INFO: 2020-06-09 13:32:35,813: get_throttling() 'Could not parse Chrome OS Wallpapers serverside options, using defaults None, None'
INFO: 2020-06-09 13:32:35,813: download_one() 'Chrome OS Wallpapers: Downloading an image, config: None'
INFO: 2020-06-09 13:32:35,813: download_one() 'Chrome OS Wallpapers: Queue size: 0'
INFO: 2020-06-09 13:32:35,813: get_throttling() 'Chrome OS Wallpapers: parsing serverside options'
INFO: 2020-06-09 13:32:35,813: get_throttling() 'Could not parse Chrome OS Wallpapers serverside options, using defaults None, None'
INFO: 2020-06-09 13:32:35,813: download_one() 'Chrome OS Wallpapers: Filling queue'
ERROR: 2020-06-09 13:32:36,360: download_one_from() 'Could not download wallpaper:'
Traceback (most recent call last):
  File "/usr/lib/python3.8/site-packages/variety/VarietyWindow.py", line 1159, in download_one_from
    file = downloader.download_one()
  File "/usr/lib/python3.8/site-packages/variety/plugins/downloaders/DefaultDownloader.py", line 141, in download_one
    items = self.fill_queue()
  File "/usr/lib/python3.8/site-packages/variety/plugins/builtin/downloaders/ChromeOSWallpapersDownloader.py", line 54, in fill_queue
    manifest = Util.fetch_json(MANIFEST_URL)
  File "/usr/lib/python3.8/site-packages/variety/Util.py", line 643, in fetch_json
    return Util.request(url, data, **request_kwargs).json()
  File "/usr/lib/python3.8/site-packages/variety/Util.py", line 622, in request
    r.raise_for_status()
  File "/usr/lib/python3.8/site-packages/requests/models.py", line 941, in raise_for_status
    raise HTTPError(http_error_msg, response=self)
requests.exceptions.HTTPError: 404 Client Error: Not Found for url: https://storage.googleapis.com/chromeos-wallpaper-public/manifest_en.json
INFO: 2020-06-09 13:35:37,369: get_throttling() 'Chrome OS Wallpapers: parsing serverside options'
INFO: 2020-06-09 13:35:37,373: get_throttling() 'Could not parse Chrome OS Wallpapers serverside options, using defaults None, None'
INFO: 2020-06-09 13:35:37,373: get_throttling() 'Chrome OS Wallpapers: parsing serverside options'
INFO: 2020-06-09 13:35:37,374: get_throttling() 'Could not parse Chrome OS Wallpapers serverside options, using defaults None, None'
INFO: 2020-06-09 13:35:37,374: download_one() 'Chrome OS Wallpapers: Downloading an image, config: None'
INFO: 2020-06-09 13:35:37,374: download_one() 'Chrome OS Wallpapers: Queue size: 0'
INFO: 2020-06-09 13:35:37,374: get_throttling() 'Chrome OS Wallpapers: parsing serverside options'
INFO: 2020-06-09 13:35:37,374: get_throttling() 'Could not parse Chrome OS Wallpapers serverside options, using defaults None, None'
INFO: 2020-06-09 13:35:37,374: download_one() 'Chrome OS Wallpapers: Filling queue'
ERROR: 2020-06-09 13:35:37,920: download_one_from() 'Could not download wallpaper:'
Traceback (most recent call last):
  File "/usr/lib/python3.8/site-packages/variety/VarietyWindow.py", line 1159, in download_one_from
    file = downloader.download_one()
  File "/usr/lib/python3.8/site-packages/variety/plugins/downloaders/DefaultDownloader.py", line 141, in download_one
    items = self.fill_queue()
  File "/usr/lib/python3.8/site-packages/variety/plugins/builtin/downloaders/ChromeOSWallpapersDownloader.py", line 54, in fill_queue
    manifest = Util.fetch_json(MANIFEST_URL)
  File "/usr/lib/python3.8/site-packages/variety/Util.py", line 643, in fetch_json
    return Util.request(url, data, **request_kwargs).json()
  File "/usr/lib/python3.8/site-packages/variety/Util.py", line 622, in request
    r.raise_for_status()
  File "/usr/lib/python3.8/site-packages/requests/models.py", line 941, in raise_for_status
    raise HTTPError(http_error_msg, response=self)
requests.exceptions.HTTPError: 404 Client Error: Not Found for url: https://storage.googleapis.com/chromeos-wallpaper-public/manifest_en.json
INFO: 2020-06-09 13:38:38,931: get_throttling() 'Chrome OS Wallpapers: parsing serverside options'
INFO: 2020-06-09 13:38:38,932: get_throttling() 'Could not parse Chrome OS Wallpapers serverside options, using defaults None, None'
INFO: 2020-06-09 13:38:38,932: get_throttling() 'Chrome OS Wallpapers: parsing serverside options'
INFO: 2020-06-09 13:38:38,932: get_throttling() 'Could not parse Chrome OS Wallpapers serverside options, using defaults None, None'
INFO: 2020-06-09 13:38:38,932: download_one() 'Chrome OS Wallpapers: Downloading an image, config: None'
INFO: 2020-06-09 13:38:38,933: download_one() 'Chrome OS Wallpapers: Queue size: 0'
INFO: 2020-06-09 13:38:38,933: get_throttling() 'Chrome OS Wallpapers: parsing serverside options'
INFO: 2020-06-09 13:38:38,933: get_throttling() 'Could not parse Chrome OS Wallpapers serverside options, using defaults None, None'
INFO: 2020-06-09 13:38:38,933: download_one() 'Chrome OS Wallpapers: Filling queue'
ERROR: 2020-06-09 13:38:39,478: download_one_from() 'Could not download wallpaper:'
Traceback (most recent call last):
  File "/usr/lib/python3.8/site-packages/variety/VarietyWindow.py", line 1159, in download_one_from
    file = downloader.download_one()
  File "/usr/lib/python3.8/site-packages/variety/plugins/downloaders/DefaultDownloader.py", line 141, in download_one
    items = self.fill_queue()
  File "/usr/lib/python3.8/site-packages/variety/plugins/builtin/downloaders/ChromeOSWallpapersDownloader.py", line 54, in fill_queue
    manifest = Util.fetch_json(MANIFEST_URL)
  File "/usr/lib/python3.8/site-packages/variety/Util.py", line 643, in fetch_json
    return Util.request(url, data, **request_kwargs).json()
  File "/usr/lib/python3.8/site-packages/variety/Util.py", line 622, in request
    r.raise_for_status()
  File "/usr/lib/python3.8/site-packages/requests/models.py", line 941, in raise_for_status
    raise HTTPError(http_error_msg, response=self)
requests.exceptions.HTTPError: 404 Client Error: Not Found for url: https://storage.googleapis.com/chromeos-wallpaper-public/manifest_en.json
INFO: 2020-06-09 13:41:40,481: get_throttling() 'Chrome OS Wallpapers: parsing serverside options'
INFO: 2020-06-09 13:41:40,481: get_throttling() 'Could not parse Chrome OS Wallpapers serverside options, using defaults None, None'
INFO: 2020-06-09 13:41:40,482: get_throttling() 'Chrome OS Wallpapers: parsing serverside options'
INFO: 2020-06-09 13:41:40,482: get_throttling() 'Could not parse Chrome OS Wallpapers serverside options, using defaults None, None'
INFO: 2020-06-09 13:41:40,482: download_one() 'Chrome OS Wallpapers: Downloading an image, config: None'
INFO: 2020-06-09 13:41:40,482: download_one() 'Chrome OS Wallpapers: Queue size: 0'
INFO: 2020-06-09 13:41:40,482: get_throttling() 'Chrome OS Wallpapers: parsing serverside options'
INFO: 2020-06-09 13:41:40,482: get_throttling() 'Could not parse Chrome OS Wallpapers serverside options, using defaults None, None'
INFO: 2020-06-09 13:41:40,483: download_one() 'Chrome OS Wallpapers: Filling queue'
ERROR: 2020-06-09 13:41:41,241: download_one_from() 'Could not download wallpaper:'
Traceback (most recent call last):
  File "/usr/lib/python3.8/site-packages/variety/VarietyWindow.py", line 1159, in download_one_from
    file = downloader.download_one()
  File "/usr/lib/python3.8/site-packages/variety/plugins/downloaders/DefaultDownloader.py", line 141, in download_one
    items = self.fill_queue()
  File "/usr/lib/python3.8/site-packages/variety/plugins/builtin/downloaders/ChromeOSWallpapersDownloader.py", line 54, in fill_queue
    manifest = Util.fetch_json(MANIFEST_URL)
  File "/usr/lib/python3.8/site-packages/variety/Util.py", line 643, in fetch_json
    return Util.request(url, data, **request_kwargs).json()
  File "/usr/lib/python3.8/site-packages/variety/Util.py", line 622, in request
    r.raise_for_status()
  File "/usr/lib/python3.8/site-packages/requests/models.py", line 941, in raise_for_status
    raise HTTPError(http_error_msg, response=self)
requests.exceptions.HTTPError: 404 Client Error: Not Found for url: https://storage.googleapis.com/chromeos-wallpaper-public/manifest_en.json
INFO: 2020-06-09 13:44:42,244: get_throttling() 'Chrome OS Wallpapers: parsing serverside options'
INFO: 2020-06-09 13:44:42,244: get_throttling() 'Could not parse Chrome OS Wallpapers serverside options, using defaults None, None'
INFO: 2020-06-09 13:44:42,245: get_throttling() 'Chrome OS Wallpapers: parsing serverside options'
INFO: 2020-06-09 13:44:42,245: get_throttling() 'Could not parse Chrome OS Wallpapers serverside options, using defaults None, None'
INFO: 2020-06-09 13:44:42,245: download_one() 'Chrome OS Wallpapers: Downloading an image, config: None'
INFO: 2020-06-09 13:44:42,245: download_one() 'Chrome OS Wallpapers: Queue size: 0'
INFO: 2020-06-09 13:44:42,245: get_throttling() 'Chrome OS Wallpapers: parsing serverside options'
INFO: 2020-06-09 13:44:42,245: get_throttling() 'Could not parse Chrome OS Wallpapers serverside options, using defaults None, None'
INFO: 2020-06-09 13:44:42,246: download_one() 'Chrome OS Wallpapers: Filling queue'
ERROR: 2020-06-09 13:44:42,799: download_one_from() 'Could not download wallpaper:'
Traceback (most recent call last):
  File "/usr/lib/python3.8/site-packages/variety/VarietyWindow.py", line 1159, in download_one_from
    file = downloader.download_one()
  File "/usr/lib/python3.8/site-packages/variety/plugins/downloaders/DefaultDownloader.py", line 141, in download_one
    items = self.fill_queue()
  File "/usr/lib/python3.8/site-packages/variety/plugins/builtin/downloaders/ChromeOSWallpapersDownloader.py", line 54, in fill_queue
    manifest = Util.fetch_json(MANIFEST_URL)
  File "/usr/lib/python3.8/site-packages/variety/Util.py", line 643, in fetch_json
    return Util.request(url, data, **request_kwargs).json()
  File "/usr/lib/python3.8/site-packages/variety/Util.py", line 622, in request
    r.raise_for_status()
  File "/usr/lib/python3.8/site-packages/requests/models.py", line 941, in raise_for_status
    raise HTTPError(http_error_msg, response=self)
requests.exceptions.HTTPError: 404 Client Error: Not Found for url: https://storage.googleapis.com/chromeos-wallpaper-public/manifest_en.json
INFO: 2020-06-09 13:47:43,803: get_throttling() 'Chrome OS Wallpapers: parsing serverside options'
INFO: 2020-06-09 13:47:43,803: get_throttling() 'Could not parse Chrome OS Wallpapers serverside options, using defaults None, None'
INFO: 2020-06-09 13:47:43,804: get_throttling() 'Chrome OS Wallpapers: parsing serverside options'
INFO: 2020-06-09 13:47:43,804: get_throttling() 'Could not parse Chrome OS Wallpapers serverside options, using defaults None, None'
INFO: 2020-06-09 13:47:43,804: download_one() 'Chrome OS Wallpapers: Downloading an image, config: None'
INFO: 2020-06-09 13:47:43,804: download_one() 'Chrome OS Wallpapers: Queue size: 0'
INFO: 2020-06-09 13:47:43,804: get_throttling() 'Chrome OS Wallpapers: parsing serverside options'
INFO: 2020-06-09 13:47:43,805: get_throttling() 'Could not parse Chrome OS Wallpapers serverside options, using defaults None, None'
INFO: 2020-06-09 13:47:43,805: download_one() 'Chrome OS Wallpapers: Filling queue'
ERROR: 2020-06-09 13:47:44,457: download_one_from() 'Could not download wallpaper:'
Traceback (most recent call last):
  File "/usr/lib/python3.8/site-packages/variety/VarietyWindow.py", line 1159, in download_one_from
    file = downloader.download_one()
  File "/usr/lib/python3.8/site-packages/variety/plugins/downloaders/DefaultDownloader.py", line 141, in download_one
    items = self.fill_queue()
  File "/usr/lib/python3.8/site-packages/variety/plugins/builtin/downloaders/ChromeOSWallpapersDownloader.py", line 54, in fill_queue
    manifest = Util.fetch_json(MANIFEST_URL)
  File "/usr/lib/python3.8/site-packages/variety/Util.py", line 643, in fetch_json
    return Util.request(url, data, **request_kwargs).json()
  File "/usr/lib/python3.8/site-packages/variety/Util.py", line 622, in request
    r.raise_for_status()
  File "/usr/lib/python3.8/site-packages/requests/models.py", line 941, in raise_for_status
    raise HTTPError(http_error_msg, response=self)
requests.exceptions.HTTPError: 404 Client Error: Not Found for url: https://storage.googleapis.com/chromeos-wallpaper-public/manifest_en.json
INFO: 2020-06-09 13:50:45,460: get_throttling() 'Chrome OS Wallpapers: parsing serverside options'
INFO: 2020-06-09 13:50:45,460: get_throttling() 'Could not parse Chrome OS Wallpapers serverside options, using defaults None, None'
INFO: 2020-06-09 13:50:45,460: get_throttling() 'Chrome OS Wallpapers: parsing serverside options'
INFO: 2020-06-09 13:50:45,460: get_throttling() 'Could not parse Chrome OS Wallpapers serverside options, using defaults None, None'
INFO: 2020-06-09 13:50:45,460: download_one() 'Chrome OS Wallpapers: Downloading an image, config: None'
INFO: 2020-06-09 13:50:45,461: download_one() 'Chrome OS Wallpapers: Queue size: 0'
INFO: 2020-06-09 13:50:45,461: get_throttling() 'Chrome OS Wallpapers: parsing serverside options'
INFO: 2020-06-09 13:50:45,461: get_throttling() 'Could not parse Chrome OS Wallpapers serverside options, using defaults None, None'
INFO: 2020-06-09 13:50:45,461: download_one() 'Chrome OS Wallpapers: Filling queue'
ERROR: 2020-06-09 13:50:46,012: download_one_from() 'Could not download wallpaper:'
Traceback (most recent call last):
  File "/usr/lib/python3.8/site-packages/variety/VarietyWindow.py", line 1159, in download_one_from
    file = downloader.download_one()
  File "/usr/lib/python3.8/site-packages/variety/plugins/downloaders/DefaultDownloader.py", line 141, in download_one
    items = self.fill_queue()
  File "/usr/lib/python3.8/site-packages/variety/plugins/builtin/downloaders/ChromeOSWallpapersDownloader.py", line 54, in fill_queue
    manifest = Util.fetch_json(MANIFEST_URL)
  File "/usr/lib/python3.8/site-packages/variety/Util.py", line 643, in fetch_json
    return Util.request(url, data, **request_kwargs).json()
  File "/usr/lib/python3.8/site-packages/variety/Util.py", line 622, in request
    r.raise_for_status()
  File "/usr/lib/python3.8/site-packages/requests/models.py", line 941, in raise_for_status
    raise HTTPError(http_error_msg, response=self)
requests.exceptions.HTTPError: 404 Client Error: Not Found for url: https://storage.googleapis.com/chromeos-wallpaper-public/manifest_en.json
INFO: 2020-06-09 13:53:47,016: get_throttling() 'Chrome OS Wallpapers: parsing serverside options'
INFO: 2020-06-09 13:53:47,016: get_throttling() 'Could not parse Chrome OS Wallpapers serverside options, using defaults None, None'
INFO: 2020-06-09 13:53:47,016: get_throttling() 'Chrome OS Wallpapers: parsing serverside options'
INFO: 2020-06-09 13:53:47,016: get_throttling() 'Could not parse Chrome OS Wallpapers serverside options, using defaults None, None'
INFO: 2020-06-09 13:53:47,016: download_one() 'Chrome OS Wallpapers: Downloading an image, config: None'
INFO: 2020-06-09 13:53:47,016: download_one() 'Chrome OS Wallpapers: Queue size: 0'
INFO: 2020-06-09 13:53:47,016: get_throttling() 'Chrome OS Wallpapers: parsing serverside options'
INFO: 2020-06-09 13:53:47,016: get_throttling() 'Could not parse Chrome OS Wallpapers serverside options, using defaults None, None'
INFO: 2020-06-09 13:53:47,016: download_one() 'Chrome OS Wallpapers: Filling queue'
ERROR: 2020-06-09 13:53:47,493: download_one_from() 'Could not download wallpaper:'
Traceback (most recent call last):
  File "/usr/lib/python3.8/site-packages/variety/VarietyWindow.py", line 1159, in download_one_from
    file = downloader.download_one()
  File "/usr/lib/python3.8/site-packages/variety/plugins/downloaders/DefaultDownloader.py", line 141, in download_one
    items = self.fill_queue()
  File "/usr/lib/python3.8/site-packages/variety/plugins/builtin/downloaders/ChromeOSWallpapersDownloader.py", line 54, in fill_queue
    manifest = Util.fetch_json(MANIFEST_URL)
  File "/usr/lib/python3.8/site-packages/variety/Util.py", line 643, in fetch_json
    return Util.request(url, data, **request_kwargs).json()
  File "/usr/lib/python3.8/site-packages/variety/Util.py", line 622, in request
    r.raise_for_status()
  File "/usr/lib/python3.8/site-packages/requests/models.py", line 941, in raise_for_status
    raise HTTPError(http_error_msg, response=self)
requests.exceptions.HTTPError: 404 Client Error: Not Found for url: https://storage.googleapis.com/chromeos-wallpaper-public/manifest_en.json
