[47499:0114/230958.851944:ERROR:buffer_manager.cc(488)] [.DisplayCompositor]GL ERROR :GL_INVALID_OPERATION : glBufferData: <- error from previous GL command
(electron) 'setZoomLevel function' is deprecated and will be removed. Please use 'zoomLevel property' instead.
(electron) 'getZoomLevel function' is deprecated and will be removed. Please use 'zoomLevel property' instead.
Error occurred in handler for 'keychain:get-password': Error: No stored credentials fetched from keytar.
    at /usr/share/skypeforlinux/resources/app.asar/login/KeychainStore.js:27:39
    at async electron/js2c/browser_init.js:1148:30
Error occurred in handler for 'keychain:get-password': Error: No stored credentials fetched from keytar.
    at /usr/share/skypeforlinux/resources/app.asar/login/KeychainStore.js:27:39
    at async electron/js2c/browser_init.js:1148:30
(electron) 'setBadgeCount function' is deprecated and will be removed. Please use 'badgeCount property' instead.
(electron) 'setResizable function' is deprecated and will be removed. Please use 'resizable property' instead.
(electron) 'setMaximizable function' is deprecated and will be removed. Please use 'maximizable property' instead.
Error occurred in handler for 'keychain:get-password': Error: No stored credentials fetched from keytar.
    at /usr/share/skypeforlinux/resources/app.asar/login/KeychainStore.js:27:39
    at async electron/js2c/browser_init.js:1148:30
Error occurred in handler for 'keychain:get-password': Error: No stored credentials fetched from keytar.
    at /usr/share/skypeforlinux/resources/app.asar/login/KeychainStore.js:27:39
    at async electron/js2c/browser_init.js:1148:30
Error occurred in handler for 'keychain:get-password': Error: No stored credentials fetched from keytar.
    at /usr/share/skypeforlinux/resources/app.asar/login/KeychainStore.js:27:39
    at async electron/js2c/browser_init.js:1148:30
Error occurred in handler for 'keychain:get-password': Error: No stored credentials fetched from keytar.
    at /usr/share/skypeforlinux/resources/app.asar/login/KeychainStore.js:27:39
    at async electron/js2c/browser_init.js:1148:30
libsecret-Message: 23:10:43.308: Remote error from secret service: org.freedesktop.DBus.Error.UnknownMethod: No such interface “org.freedesktop.Secret.Collection” on object at path /org/freedesktop/secrets/collection/login
libsecret-Message: 23:10:43.308: Remote error from secret service: org.freedesktop.DBus.Error.UnknownMethod: No such interface “org.freedesktop.Secret.Collection” on object at path /org/freedesktop/secrets/collection/login
Error occurred in handler for 'keychain:set-password': [Error: No such interface “org.freedesktop.Secret.Collection” on object at path /org/freedesktop/secrets/collection/login]
Error occurred in handler for 'keychain:set-password': [Error: No such interface “org.freedesktop.Secret.Collection” on object at path /org/freedesktop/secrets/collection/login]
Error occurred in handler for 'keychain:get-password': Error: No stored credentials fetched from keytar.
    at /usr/share/skypeforlinux/resources/app.asar/login/KeychainStore.js:27:39
    at async electron/js2c/browser_init.js:1148:30
ioctl failed for wlan0, errno = 19 (No such device)
ioctl failed for wlp2s0, errno = 19 (No such device)
[47499:0114/231107.729408:ERROR:buffer_manager.cc(488)] [.DisplayCompositor]GL ERROR :GL_INVALID_OPERATION : glBufferData: <- error from previous GL command
[47499:0114/231152.691815:ERROR:buffer_manager.cc(488)] [.DisplayCompositor]GL ERROR :GL_INVALID_OPERATION : glBufferData: <- error from previous GL command
[47499:0114/231205.742149:ERROR:buffer_manager.cc(488)] [.DisplayCompositor]GL ERROR :GL_INVALID_OPERATION : glBufferData: <- error from previous GL command
[47499:0114/231221.054405:ERROR:buffer_manager.cc(488)] [.DisplayCompositor]GL ERROR :GL_INVALID_OPERATION : glBufferData: <- error from previous GL command
[47499:0114/231233.081683:ERROR:buffer_manager.cc(488)] [.DisplayCompositor]GL ERROR :GL_INVALID_OPERATION : glBufferData: <- error from previous GL command
[47499:0114/231248.971592:ERROR:buffer_manager.cc(488)] [.DisplayCompositor]GL ERROR :GL_INVALID_OPERATION : glBufferData: <- error from previous GL command
[47499:0114/231253.183964:ERROR:buffer_manager.cc(488)] [.DisplayCompositor]GL ERROR :GL_INVALID_OPERATION : glBufferData: <- error from previous GL command
[47499:0114/231256.183603:ERROR:buffer_manager.cc(488)] [.DisplayCompositor]GL ERROR :GL_INVALID_OPERATION : glBufferData: <- error from previous GL command
[47499:0114/231300.146607:ERROR:buffer_manager.cc(488)] [.DisplayCompositor]GL ERROR :GL_INVALID_OPERATION : glBufferData: <- error from previous GL command
(electron) 'setClosable function' is deprecated and will be removed. Please use 'closable property' instead.
